<?xml version="1.0" encoding="UTF-8"?>
<!-- Generated by org.testng.reporters.JUnitXMLReporter -->
<testsuite ignored="0" hostname="DESKTOP-1AO5130" failures="0" tests="4" name="Test" time="37.711" errors="0" timestamp="2021-02-16T17:30:25 EST">
  <testcase classname="academy.E2EProject.ValidateTitle" name="basePageNavigation" time="3.87"/>
  <testcase classname="academy.E2EProject.HomePage" name="basePageNavigation" time="7.166"/>
  <testcase classname="academy.E2EProject.HomePage" name="basePageNavigation" time="3.487"/>
  <testcase classname="academy.E2EProject.ValidateNavigationBar" name="basePageNavigation" time="2.712"/>
</testsuite> <!-- Test -->
