<?xml version="1.0" encoding="UTF-8"?>
<!-- Generated by org.testng.reporters.JUnitXMLReporter -->
<testsuite hostname="DESKTOP-1AO5130" failures="0" tests="4" name="Test" time="37.957" errors="0" timestamp="19 Feb 2021 02:09:13 GMT">
  <testcase classname="academy.E2EProject.ValidateTitle" name="basePageNavigation" time="4.865"/>
  <testcase classname="academy.E2EProject.HomePage" name="basePageNavigation" time="7.153"/>
  <testcase classname="academy.E2EProject.HomePage" name="basePageNavigation" time="3.567"/>
  <testcase classname="academy.E2EProject.ValidateNavigationBar" name="basePageNavigation" time="2.739"/>
</testsuite> <!-- Test -->
