<?xml version="1.0" encoding="UTF-8"?>
<!-- Generated by org.testng.reporters.JUnitXMLReporter -->
<testsuite hostname="DESKTOP-1AO5130" failures="1" tests="2" name="Validating title on the page" time="13.252" errors="0" timestamp="28 Feb 2021 23:28:34 GMT">
  <testcase classname="academy.E2EProject.ValidateTitle" name="validateHeader" time="0.037"/>
  <testcase classname="academy.E2EProject.ValidateTitle" name="validateTitleOnHomePage" time="0.026">
    <failure type="java.lang.AssertionError" message="expected [FEATURED COURSES123] but found [FEATURED COURSES]">
      <![CDATA[java.lang.AssertionError: expected [FEATURED COURSES123] but found [FEATURED COURSES]
	at academy.E2EProject.ValidateTitle.validateTitleOnHomePage(ValidateTitle.java:36)
	at java.base/java.util.concurrent.FutureTask.run(FutureTask.java:264)
	at java.base/java.util.concurrent.ThreadPoolExecutor.runWorker(ThreadPoolExecutor.java:1128)
	at java.base/java.util.concurrent.ThreadPoolExecutor$Worker.run(ThreadPoolExecutor.java:628)
	at java.base/java.lang.Thread.run(Thread.java:834)
... Removed 21 stack frames]]>
    </failure>
  </testcase> <!-- validateTitleOnHomePage -->
</testsuite> <!-- Validating title on the page -->
