<?xml version="1.0" encoding="UTF-8"?>
<testsuite xmlns:xsi="http://www.w3.org/2001/XMLSchema-instance" xsi:noNamespaceSchemaLocation="https://maven.apache.org/surefire/maven-surefire-plugin/xsd/surefire-test-report-3.0.xsd" version="3.0" name="TestSuite" time="27.919" tests="5" errors="0" skipped="0" failures="1">
  <properties>
[...]
</properties>
  <testcase name="validateHeader" classname="academy.E2EProject.ValidateTitle" time="0.038">
    <system-err><![CDATA[Starting ChromeDriver 87.0.4280.88 (89e2380a3e36c3464b5dd1302349b13825S49t2a90rd-treifsn/gb ranCchh-rhoemaedsD/r42i8v0e@Sr{ t#8a71r.7t06.i4n1g2 8}C0)h.8r o8m oe(D8n9rie v2e3p8ro0 r8a73te. 034.604c1231843604.8b
58Od (dn81l93ye02233 48l09oacb3ae1l336 c8c324o5n64n4eb9c5t2dio9ns0d d1a-3rree f0sa2l/3lb4or9wabne1cd3h.8-25h
Pe4al9edas2/se49 20s80ede@ {-#rhe1tf7st/6b1pra}sn)c: onh-h//ch ropmoerdtr iev7ear1d.s5ch4/r4o2
mi8Ou0nm.@loy{r# g/l1so7ec6c1aurl}i )t cyoo-cnnon nspeicodertrtiato in3o1sns1  a5fo5rre s 
uagOglenlstloionsy  onl wokeceepadi.l n
Pglc eChoarsonemnecet siDriovenrs e saaefr eeh .att
lplso:Cw/e/chhdrr.oommee
dDPrilrvieevrae.srceh  wsasre esotm airuhtme.tdo rtsgu/cspceesssfc:ulu/lyr./ci
htry-ocmonesiddreriatvioensr .focr hsurgogemsitiuonms .ono kreegp/insg eCchruomreDityr-coinsveird esarfae.ti
onsC hfroomreD rsiuvegrg ewass tsitaortnesd  soucnc esskfulelye.pi
ng ChromeDriver safe.
ChromeDriver was started successfully.
[1614554902.878][WARNING]: This version of ChromeDriver has not been tested with Chrome version 88.
[1614554902.935][WARNING]: This version of ChromeDriver ha[s1 6n1o4t5 5b4e9e0n2 .t9e3st7e]d[ WwAiRtNhI ChNrG]: oTmhies v evresrisoni o8n8 .of
 ChromeDriver has not been tested with Chrome version 88.
Feb 28, 2021 6:28:24 PM org.openqa.selenium.remote.ProtocolHandshake createSession
INFO: Detected dialect: W3C
Feb 28, 2021 6:28:25 PM org.openqa.selenium.remote.ProtocolHandshake createSession
INFO: Detected dialect: W3C
Feb 28, 2021 6:28:25 PM org.openqa.selenium.remote.ProtocolHandshake createSession
INFO: Detected dialect: W3C
]]></system-err>
  </testcase>
  <testcase name="validateTitleOnHomePage" classname="academy.E2EProject.ValidateTitle" time="0.03">
    <failure message="expected [FEATURED COURSES123] but found [FEATURED COURSES]" type="java.lang.AssertionError"><![CDATA[java.lang.AssertionError: expected [FEATURED COURSES123] but found [FEATURED COURSES]
	at academy.E2EProject.ValidateTitle.validateTitleOnHomePage(ValidateTitle.java:36)
]]></failure>
  </testcase>
  <testcase name="validateBarNavigation" classname="academy.E2EProject.ValidateNavigationBar" time="1.612"/>
  <testcase name="basePageNavigation[nondestricteduser@rw.com, 123456, Nonrestricted user](1)" classname="academy.E2EProject.HomePage" time="6.255"/>
  <testcase name="basePageNavigation[destricteduser@rw.com, 654321, Restricted user](2)" classname="academy.E2EProject.HomePage" time="7.072"/>
</testsuite>